

Version:	3.8
CmdLine:	C:\programacao\java\superchoque2000\Superchoque2000.exe --l4j-debug
WOW64:		yes
Working dir:	C:\programacao\java\superchoque2000\.
64-bit search:	SOFTWARE\JavaSoft\Java Runtime Environment...
Check:		SOFTWARE\JavaSoft\Java Runtime Environment\1.8
Check launcher:	C:\Program Files\Java\jre-1.8\bin\javaw.exe (OK)
Match:		1.8
Check:		SOFTWARE\JavaSoft\Java Runtime Environment\1.8.0_391
Check launcher:	C:\Program Files\Java\jre-1.8\bin\javaw.exe (OK)
Match:		1.8.0_391
64-bit search:	SOFTWARE\JavaSoft\Java Development Kit...
Runtime used:	1.8.0_391 (64-bit)
Info:		Classpath not defined.
Launcher:	C:\Program Files\Java\jre-1.8\bin\javaw.exe
Launcher args:	-classpath "C:\programacao\java\superchoque2000\Superchoque2000.exe" Grafico.principal
Args length:	86/32768 chars
Exit code:	0


Version:	3.8
CmdLine:	C:\programacao\java\superchoque2000\Superchoque2000.exe --l4j-debug
WOW64:		yes
Working dir:	C:\programacao\java\superchoque2000\.
64-bit search:	SOFTWARE\JavaSoft\Java Runtime Environment...
Check:		SOFTWARE\JavaSoft\Java Runtime Environment\1.8
Check launcher:	C:\Program Files\Java\jre-1.8\bin\javaw.exe (OK)
Match:		1.8
Check:		SOFTWARE\JavaSoft\Java Runtime Environment\1.8.0_391
Check launcher:	C:\Program Files\Java\jre-1.8\bin\javaw.exe (OK)
Match:		1.8.0_391
64-bit search:	SOFTWARE\JavaSoft\Java Development Kit...
Runtime used:	1.8.0_391 (64-bit)
Launcher:	C:\Program Files\Java\jre-1.8\bin\javaw.exe
Launcher args:	-jar "C:\programacao\java\superchoque2000\Superchoque2000.exe"
Args length:	62/32768 chars
Exit code:	0
